2021-03-01 18:26:40 info: XVBA Live Server extension is now active!
2021-03-01 18:26:40 debug: Start Watch Excel Export VBA Files
2021-03-01 18:26:40 debug: Start Run Macro Server
2021-03-01 18:26:45 info: config.json File Created with Success!!!
2021-03-01 18:26:45 info: gitignore file created with success
2021-03-01 18:26:45 info: package.json File created with Success
2021-03-01 18:26:45 info: Folder already exist: Logs Folder
2021-03-01 18:26:45 info: Bootstrap XVBA
2021-03-01 18:26:45 info: Finish Create Xvba project folders
2021-03-01 18:27:56 info: Start Import VBA files
2021-03-01 18:27:56 debug: Delete temp Files Success!
2021-03-01 18:27:56 debug: Command Status: Command Run
2021-03-01 18:27:56 debug: Finish Exported file from Vscode to Excel
2021-03-01 18:28:00 debug: Start Move VBA files from tmp to Workspace
2021-03-01 18:28:00 debug: Move vba file ALDTPicker.frm namespace: default
2021-03-01 18:28:00 debug: Move vba file F_cut.frm namespace: default
2021-03-01 18:28:00 debug: Move vba file F_Sort.frm namespace: default
2021-03-01 18:28:00 debug: Move vba file m1.bas namespace: default
2021-03-01 18:28:01 debug: Move vba file main.bas namespace: default
2021-03-01 18:28:01 debug: Move vba file UserForm1.frm namespace: default
2021-03-01 18:28:01 debug: Finish Move VBA files from tmp to Workspace
